<?xml version="1.0" encoding="UTF-8"?>
<!-- Generated by org.testng.reporters.JUnitXMLReporter -->
<testsuite hostname="DESKTOP-84KGOP9" ignored="0" name="Change Password Test" tests="2" failures="0" timestamp="18 Dec 2018 10:28:51 GMT" time="0.517" errors="0">
  <testcase name="ChangePasswordTest" time="0.016" classname="com.qtpselenium.facebook.pom.testcases.ChangePasswordTest">
    <skipped/>
  </testcase> <!-- ChangePasswordTest -->
  <testcase name="ResetPasswordTest" time="0.0" classname="com.qtpselenium.facebook.pom.testcases.ChangePasswordTest"/>
</testsuite> <!-- Change Password Test -->
