<?xml version="1.0" encoding="UTF-8"?>
<!-- Generated by org.testng.reporters.JUnitXMLReporter -->
<testsuite hostname="DESKTOP-84KGOP9" ignored="0" name="Login Test" tests="2" failures="0" timestamp="18 Dec 2018 10:28:51 GMT" time="1.983" errors="0">
  <testcase name="doLogin" time="0.017" classname="com.qtpselenium.facebook.pom.testcases.LoginTest">
    <skipped/>
  </testcase> <!-- doLogin -->
  <testcase name="doLogin" time="0.016" classname="com.qtpselenium.facebook.pom.testcases.LoginTest">
    <skipped/>
  </testcase> <!-- doLogin -->
</testsuite> <!-- Login Test -->
