<?xml version="1.0" encoding="UTF-8"?>
<!-- Generated by org.testng.reporters.JUnitXMLReporter -->
<testsuite hostname="DESKTOP-84KGOP9" ignored="0" name="Gmail Test" tests="2" failures="0" timestamp="18 Dec 2018 10:37:23 GMT" time="2.018" errors="0">
  <testcase name="GmailLogin" time="0.045" classname="com.qtpselenium.facebook.pom.gmailsuite.GmailLogin"/>
  <testcase name="GmailLogin" time="0.0" classname="com.qtpselenium.facebook.pom.gmailsuite.GmailLogin"/>
</testsuite> <!-- Gmail Test -->
