<?xml version="1.0" encoding="UTF-8"?>
<testng-results skipped="1" failed="0" ignored="0" total="5" passed="4">
  <reporter-output>
  </reporter-output>
  <suite name="My suite" duration-ms="0" started-at="2019-01-19T08:14:56Z" finished-at="2019-01-19T08:14:56Z">
    <groups>
    </groups>
  </suite> <!-- My suite -->
  <suite name="Gmail Suite" duration-ms="3933" started-at="2019-01-19T08:14:12Z" finished-at="2019-01-19T08:14:16Z">
    <groups>
    </groups>
    <test name="Gmail Test" duration-ms="3933" started-at="2019-01-19T08:14:12Z" finished-at="2019-01-19T08:14:16Z">
      <class name="com.selenium.facebook.pom.gmailsuite.GmailLogin">
        <test-method status="PASS" signature="start()[pri:0, instance:com.selenium.facebook.pom.gmailsuite.GmailLogin@59d2103b]" name="start" is-config="true" duration-ms="2529" started-at="2019-01-19T08:14:12Z" finished-at="2019-01-19T08:14:15Z">
          <reporter-output>
          </reporter-output>
        </test-method> <!-- start -->
        <test-method status="PASS" signature="GmailLogin(java.util.Hashtable)[pri:0, instance:com.selenium.facebook.pom.gmailsuite.GmailLogin@59d2103b]" name="GmailLogin" duration-ms="38" started-at="2019-01-19T08:14:15Z" data-provider="getData" finished-at="2019-01-19T08:14:15Z">
          <params>
            <param index="0">
              <value>
                <![CDATA[{Username=sharmashekhar8@gmail.com, ExpectedResult=Success, Password=pwd@1234, Runmode=Y, Browser=Mozilla}]]>
              </value>
            </param>
          </params>
          <reporter-output>
          </reporter-output>
        </test-method> <!-- GmailLogin -->
        <test-method status="PASS" signature="quit()[pri:0, instance:com.selenium.facebook.pom.gmailsuite.GmailLogin@59d2103b]" name="quit" is-config="true" duration-ms="1046" started-at="2019-01-19T08:14:15Z" finished-at="2019-01-19T08:14:16Z">
          <reporter-output>
          </reporter-output>
        </test-method> <!-- quit -->
        <test-method status="PASS" signature="GmailLogin(java.util.Hashtable)[pri:0, instance:com.selenium.facebook.pom.gmailsuite.GmailLogin@59d2103b]" name="GmailLogin" duration-ms="4" started-at="2019-01-19T08:14:16Z" data-provider="getData" finished-at="2019-01-19T08:14:16Z">
          <params>
            <param index="0">
              <value>
                <![CDATA[{Username=sharmashekhar8@gmail.com, ExpectedResult=Success, Password=pwd@1234, Runmode=Y, Browser=Chrome}]]>
              </value>
            </param>
          </params>
          <reporter-output>
          </reporter-output>
        </test-method> <!-- GmailLogin -->
        <test-method status="PASS" signature="quit()[pri:0, instance:com.selenium.facebook.pom.gmailsuite.GmailLogin@59d2103b]" name="quit" is-config="true" duration-ms="209" started-at="2019-01-19T08:14:16Z" finished-at="2019-01-19T08:14:16Z">
          <reporter-output>
          </reporter-output>
        </test-method> <!-- quit -->
      </class> <!-- com.selenium.facebook.pom.gmailsuite.GmailLogin -->
    </test> <!-- Gmail Test -->
  </suite> <!-- Gmail Suite -->
  <suite name="TestFire Suite" duration-ms="43317" started-at="2019-01-19T08:14:12Z" finished-at="2019-01-19T08:14:56Z">
    <groups>
    </groups>
    <test name="Profile Test" duration-ms="24609" started-at="2019-01-19T08:14:12Z" finished-at="2019-01-19T08:14:37Z">
      <class name="com.selenium.facebook.pom.testfire.FeedbackTest">
        <test-method status="PASS" signature="start()[pri:0, instance:com.selenium.facebook.pom.testfire.FeedbackTest@62e70ea3]" name="start" is-config="true" duration-ms="2529" started-at="2019-01-19T08:14:12Z" finished-at="2019-01-19T08:14:15Z">
          <reporter-output>
          </reporter-output>
        </test-method> <!-- start -->
        <test-method status="PASS" signature="provideFeedback(java.util.Hashtable)[pri:0, instance:com.selenium.facebook.pom.testfire.FeedbackTest@62e70ea3]" name="provideFeedback" duration-ms="19520" started-at="2019-01-19T08:14:15Z" data-provider="getData" finished-at="2019-01-19T08:14:35Z">
          <params>
            <param index="0">
              <value>
                <![CDATA[{Subject=Changing Password, Name=Mohan, ExpectedResult=Success, Question=Could you please help me changing the password?, Runmode=Y, Email=mohanjsmith@gmail.com, Browser=Mozilla}]]>
              </value>
            </param>
          </params>
          <reporter-output>
          </reporter-output>
        </test-method> <!-- provideFeedback -->
        <test-method status="PASS" signature="quit()[pri:0, instance:com.selenium.facebook.pom.testfire.FeedbackTest@62e70ea3]" name="quit" is-config="true" duration-ms="2259" started-at="2019-01-19T08:14:35Z" finished-at="2019-01-19T08:14:37Z">
          <reporter-output>
          </reporter-output>
        </test-method> <!-- quit -->
        <test-method status="SKIP" signature="provideFeedback(java.util.Hashtable)[pri:0, instance:com.selenium.facebook.pom.testfire.FeedbackTest@62e70ea3]" name="provideFeedback" duration-ms="1" started-at="2019-01-19T08:14:37Z" data-provider="getData" finished-at="2019-01-19T08:14:37Z">
          <params>
            <param index="0">
              <value>
                <![CDATA[{Subject=Account History, Name=Sohan, ExpectedResult=Success, Question=I need to download my account history, Runmode=N, Email=sohanjsmith@gmail.com, Browser=Chrome}]]>
              </value>
            </param>
          </params>
          <exception class="org.testng.SkipException">
            <message>
              <![CDATA[Skipping the test as Rnumode is N]]>
            </message>
            <full-stacktrace>
              <![CDATA[org.testng.SkipException: Skipping the test as Rnumode is N
at com.selenium.facebook.pom.testfire.FeedbackTest.provideFeedback(FeedbackTest.java:29)
at sun.reflect.NativeMethodAccessorImpl.invoke0(Native Method)
at sun.reflect.NativeMethodAccessorImpl.invoke(NativeMethodAccessorImpl.java:62)
at sun.reflect.DelegatingMethodAccessorImpl.invoke(DelegatingMethodAccessorImpl.java:43)
at java.lang.reflect.Method.invoke(Method.java:498)
at org.testng.internal.MethodInvocationHelper.invokeMethod(MethodInvocationHelper.java:124)
at org.testng.internal.Invoker.invokeMethod(Invoker.java:583)
at org.testng.internal.Invoker.invokeTestMethod(Invoker.java:719)
at org.testng.internal.Invoker.invokeTestMethods(Invoker.java:989)
at org.testng.internal.TestMethodWorker.invokeTestMethods(TestMethodWorker.java:125)
at org.testng.internal.TestMethodWorker.run(TestMethodWorker.java:109)
at org.testng.TestRunner.privateRun(TestRunner.java:648)
at org.testng.TestRunner.run(TestRunner.java:505)
at org.testng.SuiteRunner.runTest(SuiteRunner.java:455)
at org.testng.SuiteRunner.access$000(SuiteRunner.java:40)
at org.testng.SuiteRunner$SuiteWorker.run(SuiteRunner.java:489)
at org.testng.internal.thread.ThreadUtil$1.call(ThreadUtil.java:52)
at java.util.concurrent.FutureTask.run(FutureTask.java:266)
at java.util.concurrent.ThreadPoolExecutor.runWorker(ThreadPoolExecutor.java:1149)
at java.util.concurrent.ThreadPoolExecutor$Worker.run(ThreadPoolExecutor.java:624)
at java.lang.Thread.run(Thread.java:748)
]]>
            </full-stacktrace>
          </exception> <!-- org.testng.SkipException -->
          <reporter-output>
          </reporter-output>
        </test-method> <!-- provideFeedback -->
        <test-method status="PASS" signature="quit()[pri:0, instance:com.selenium.facebook.pom.testfire.FeedbackTest@62e70ea3]" name="quit" is-config="true" duration-ms="101" started-at="2019-01-19T08:14:37Z" finished-at="2019-01-19T08:14:37Z">
          <reporter-output>
          </reporter-output>
        </test-method> <!-- quit -->
      </class> <!-- com.selenium.facebook.pom.testfire.FeedbackTest -->
    </test> <!-- Profile Test -->
    <test name="Login Test" duration-ms="43316" started-at="2019-01-19T08:14:12Z" finished-at="2019-01-19T08:14:56Z">
      <class name="com.selenium.facebook.pom.testfire.LoginTest">
        <test-method status="PASS" signature="start()[pri:0, instance:com.selenium.facebook.pom.testfire.LoginTest@4052274f]" name="start" is-config="true" duration-ms="2532" started-at="2019-01-19T08:14:12Z" finished-at="2019-01-19T08:14:15Z">
          <reporter-output>
          </reporter-output>
        </test-method> <!-- start -->
        <test-method status="PASS" signature="doLogin(java.util.Hashtable)[pri:0, instance:com.selenium.facebook.pom.testfire.LoginTest@4052274f]" name="doLogin" duration-ms="39910" started-at="2019-01-19T08:14:15Z" data-provider="getData" finished-at="2019-01-19T08:14:55Z">
          <params>
            <param index="0">
              <value>
                <![CDATA[{Username=jsmith, ExpectedResult=Success, url=http://demo.testfire.net, Password=demo1234, Runmode=Y, Browser=Chrome}]]>
              </value>
            </param>
          </params>
          <reporter-output>
          </reporter-output>
        </test-method> <!-- doLogin -->
        <test-method status="PASS" signature="quit()[pri:0, instance:com.selenium.facebook.pom.testfire.LoginTest@4052274f]" name="quit" is-config="true" duration-ms="637" started-at="2019-01-19T08:14:55Z" finished-at="2019-01-19T08:14:56Z">
          <reporter-output>
          </reporter-output>
        </test-method> <!-- quit -->
      </class> <!-- com.selenium.facebook.pom.testfire.LoginTest -->
    </test> <!-- Login Test -->
  </suite> <!-- TestFire Suite -->
</testng-results>
