<?xml version="1.0" encoding="UTF-8"?>
<!-- Generated by org.testng.reporters.JUnitXMLReporter -->
<testsuite hostname="DESKTOP-84KGOP9" ignored="0" name="Profile Test" tests="2" failures="0" timestamp="19 Jan 2019 08:14:37 GMT" time="24.609" errors="0">
  <testcase name="provideFeedback" time="19.52" classname="com.selenium.facebook.pom.testfire.FeedbackTest"/>
  <testcase name="provideFeedback" time="0.001" classname="com.selenium.facebook.pom.testfire.FeedbackTest">
    <skipped/>
  </testcase> <!-- provideFeedback -->
</testsuite> <!-- Profile Test -->
