<?xml version="1.0" encoding="UTF-8"?>
<!-- Generated by org.testng.reporters.JUnitXMLReporter -->
<testsuite hostname="DESKTOP-84KGOP9" ignored="0" name="Profile Test" tests="2" failures="0" timestamp="18 Jan 2019 12:10:14 GMT" time="10.116" errors="0">
  <testcase name="provideFeedback" time="8.632" classname="com.qtpselenium.facebook.pom.testfire.FeedbackTest"/>
  <testcase name="provideFeedback" time="0.001" classname="com.qtpselenium.facebook.pom.testfire.FeedbackTest">
    <skipped/>
  </testcase> <!-- provideFeedback -->
</testsuite> <!-- Profile Test -->
