<?xml version="1.0" encoding="UTF-8"?>
<!-- Generated by org.testng.reporters.JUnitXMLReporter -->
<testsuite hostname="DESKTOP-84KGOP9" ignored="0" name="Gmail Test" tests="2" failures="0" timestamp="19 Jan 2019 08:14:17 GMT" time="3.933" errors="0">
  <testcase name="GmailLogin" time="0.038" classname="com.selenium.facebook.pom.gmailsuite.GmailLogin"/>
  <testcase name="GmailLogin" time="0.004" classname="com.selenium.facebook.pom.gmailsuite.GmailLogin"/>
</testsuite> <!-- Gmail Test -->
